[ 2016-06-30T08:47:57+08:00 ] 103.7.30.70 /weixin/index.php?signature=7b96d312d63084fec03eaeb0e61a4b789f2f2a78&timestamp=1467247678&nonce=1191105912&openid=oaQhfwJYJDSP5aijdSYQYKRnRXEE
INFO: [ app_begin ] --START--
INFO: ReadHtmlCache Behavior ::run [ RunTime:0.018943s ]
INFO: [ app_begin ] --END-- [ RunTime:0.019307s ]
NOTIC: [8] Undefined index:  echostr D:\wwwroot\yb1987\wwwroot\weixin\weixin\Lib\Action\IndexAction.class.php 第 17 行.

[ 2016-06-30T08:47:57+08:00 ] 101.226.33.224 /weixin/index.php
INFO: [ app_begin ] --START--
INFO: ReadHtmlCache Behavior ::run [ RunTime:0.004144s ]
INFO: [ app_begin ] --END-- [ RunTime:0.004493s ]
NOTIC: [8] Undefined index:  timestamp D:\wwwroot\yb1987\wwwroot\weixin\weixin\Lib\Action\IndexAction.class.php 第 13 行.
NOTIC: [8] Undefined index:  nonce D:\wwwroot\yb1987\wwwroot\weixin\weixin\Lib\Action\IndexAction.class.php 第 14 行.
NOTIC: [8] Undefined index:  signature D:\wwwroot\yb1987\wwwroot\weixin\weixin\Lib\Action\IndexAction.class.php 第 16 行.
NOTIC: [8] Undefined index:  echostr D:\wwwroot\yb1987\wwwroot\weixin\weixin\Lib\Action\IndexAction.class.php 第 17 行.
NOTIC: [8] Undefined index:  HTTP_RAW_POST_DATA D:\wwwroot\yb1987\wwwroot\weixin\weixin\Lib\Action\IndexAction.class.php 第 37 行.
NOTIC: [8] Trying to get property of non-object D:\wwwroot\yb1987\wwwroot\weixin\weixin\Lib\Action\IndexAction.class.php 第 40 行.
NOTIC: [8] Trying to get property of non-object D:\wwwroot\yb1987\wwwroot\weixin\weixin\Lib\Action\IndexAction.class.php 第 43 行.
NOTIC: [8] Trying to get property of non-object D:\wwwroot\yb1987\wwwroot\weixin\weixin\Lib\Action\IndexAction.class.php 第 80 行.
NOTIC: [8] Trying to get property of non-object D:\wwwroot\yb1987\wwwroot\weixin\weixin\Lib\Action\IndexAction.class.php 第 84 行.

[ 2016-06-30T08:47:59+08:00 ] 180.153.201.158 /weixin/index.php
INFO: [ app_begin ] --START--
INFO: ReadHtmlCache Behavior ::run [ RunTime:0.002727s ]
INFO: [ app_begin ] --END-- [ RunTime:0.002928s ]
NOTIC: [8] Undefined index:  timestamp D:\wwwroot\yb1987\wwwroot\weixin\weixin\Lib\Action\IndexAction.class.php 第 13 行.
NOTIC: [8] Undefined index:  nonce D:\wwwroot\yb1987\wwwroot\weixin\weixin\Lib\Action\IndexAction.class.php 第 14 行.
NOTIC: [8] Undefined index:  signature D:\wwwroot\yb1987\wwwroot\weixin\weixin\Lib\Action\IndexAction.class.php 第 16 行.
NOTIC: [8] Undefined index:  echostr D:\wwwroot\yb1987\wwwroot\weixin\weixin\Lib\Action\IndexAction.class.php 第 17 行.
NOTIC: [8] Undefined index:  HTTP_RAW_POST_DATA D:\wwwroot\yb1987\wwwroot\weixin\weixin\Lib\Action\IndexAction.class.php 第 37 行.
NOTIC: [8] Trying to get property of non-object D:\wwwroot\yb1987\wwwroot\weixin\weixin\Lib\Action\IndexAction.class.php 第 40 行.
NOTIC: [8] Trying to get property of non-object D:\wwwroot\yb1987\wwwroot\weixin\weixin\Lib\Action\IndexAction.class.php 第 43 行.
NOTIC: [8] Trying to get property of non-object D:\wwwroot\yb1987\wwwroot\weixin\weixin\Lib\Action\IndexAction.class.php 第 80 行.
NOTIC: [8] Trying to get property of non-object D:\wwwroot\yb1987\wwwroot\weixin\weixin\Lib\Action\IndexAction.class.php 第 84 行.

[ 2016-06-30T08:48:03+08:00 ] 101.226.68.217 /weixin/index.php/Index/getBaseInfo
INFO: [ route_check ] --START--
INFO: CheckRoute Behavior ::run [ RunTime:0.021900s ]
INFO: [ route_check ] --END-- [ RunTime:0.022162s ]
INFO: [ app_begin ] --START--
INFO: ReadHtmlCache Behavior ::run [ RunTime:0.002688s ]
INFO: [ app_begin ] --END-- [ RunTime:0.002875s ]

[ 2016-06-30T08:48:03+08:00 ] 112.64.235.91 /weixin/index.php/Index/getBaseInfo
INFO: [ route_check ] --START--
INFO: CheckRoute Behavior ::run [ RunTime:0.003437s ]
INFO: [ route_check ] --END-- [ RunTime:0.003653s ]
INFO: [ app_begin ] --START--
INFO: ReadHtmlCache Behavior ::run [ RunTime:0.002568s ]
INFO: [ app_begin ] --END-- [ RunTime:0.002740s ]

[ 2016-06-30T08:48:03+08:00 ] 103.7.30.70 /weixin/index.php?signature=0127227034b16e2029ccd2b6871e037137d36326&timestamp=1467247685&nonce=734388723&openid=oaQhfwJYJDSP5aijdSYQYKRnRXEE
INFO: [ app_begin ] --START--
INFO: ReadHtmlCache Behavior ::run [ RunTime:0.002790s ]
INFO: [ app_begin ] --END-- [ RunTime:0.003137s ]
NOTIC: [8] Undefined index:  echostr D:\wwwroot\yb1987\wwwroot\weixin\weixin\Lib\Action\IndexAction.class.php 第 17 行.

[ 2016-06-30T08:48:12+08:00 ] 180.153.214.190 /weixin/index.php/Index/getBaseInfo?nsukey=3OBD60Q04f4al5NxvPFuPO%2Brj10wStU%2BsiHyY0t9XXnOP9vq0hjqrO%2BZNhaC4tGb4LFciwWKuctGjVMhM0Df1Q%3D%3D&version=10000&doview=1&ua=Mozilla/5.0(Linux;Android5.1.1;Redmi3Build/LMY47V)AppleWebKit/537.36(KHTML,likeGecko)Version/4.0Chrome/37.0.0.0MobileMQQBrowser/6.2TBS/036524Safari/537.36MicroMessenger/6.3.15.49_r8aff805.760NetType/cmnetLanguage/zh_CN&keeplink=0&reformat=0
INFO: [ route_check ] --START--
INFO: CheckRoute Behavior ::run [ RunTime:0.004459s ]
INFO: [ route_check ] --END-- [ RunTime:0.004692s ]
INFO: [ app_begin ] --START--
INFO: ReadHtmlCache Behavior ::run [ RunTime:0.003364s ]
INFO: [ app_begin ] --END-- [ RunTime:0.003591s ]

[ 2016-06-30T08:48:50+08:00 ] 103.7.30.70 /weixin/index.php?signature=253a59a5b7defebbe747559404207f759953d6d7&timestamp=1467247730&nonce=850796633&openid=oaQhfwJYJDSP5aijdSYQYKRnRXEE
INFO: [ app_begin ] --START--
INFO: ReadHtmlCache Behavior ::run [ RunTime:0.004244s ]
INFO: [ app_begin ] --END-- [ RunTime:0.004559s ]
NOTIC: [8] Undefined index:  echostr D:\wwwroot\yb1987\wwwroot\weixin\weixin\Lib\Action\IndexAction.class.php 第 17 行.

[ 2016-06-30T08:57:56+08:00 ] 61.151.186.144 /weixin/index.php
INFO: [ app_begin ] --START--
INFO: ReadHtmlCache Behavior ::run [ RunTime:0.003804s ]
INFO: [ app_begin ] --END-- [ RunTime:0.004077s ]
NOTIC: [8] Undefined index:  timestamp D:\wwwroot\yb1987\wwwroot\weixin\weixin\Lib\Action\IndexAction.class.php 第 13 行.
NOTIC: [8] Undefined index:  nonce D:\wwwroot\yb1987\wwwroot\weixin\weixin\Lib\Action\IndexAction.class.php 第 14 行.
NOTIC: [8] Undefined index:  signature D:\wwwroot\yb1987\wwwroot\weixin\weixin\Lib\Action\IndexAction.class.php 第 16 行.
NOTIC: [8] Undefined index:  echostr D:\wwwroot\yb1987\wwwroot\weixin\weixin\Lib\Action\IndexAction.class.php 第 17 行.
NOTIC: [8] Undefined index:  HTTP_RAW_POST_DATA D:\wwwroot\yb1987\wwwroot\weixin\weixin\Lib\Action\IndexAction.class.php 第 37 行.
NOTIC: [8] Trying to get property of non-object D:\wwwroot\yb1987\wwwroot\weixin\weixin\Lib\Action\IndexAction.class.php 第 40 行.
NOTIC: [8] Trying to get property of non-object D:\wwwroot\yb1987\wwwroot\weixin\weixin\Lib\Action\IndexAction.class.php 第 43 行.
NOTIC: [8] Trying to get property of non-object D:\wwwroot\yb1987\wwwroot\weixin\weixin\Lib\Action\IndexAction.class.php 第 80 行.
NOTIC: [8] Trying to get property of non-object D:\wwwroot\yb1987\wwwroot\weixin\weixin\Lib\Action\IndexAction.class.php 第 84 行.

[ 2016-06-30T08:57:57+08:00 ] 180.153.163.190 /weixin/index.php
INFO: [ app_begin ] --START--
INFO: ReadHtmlCache Behavior ::run [ RunTime:0.004405s ]
INFO: [ app_begin ] --END-- [ RunTime:0.004727s ]
NOTIC: [8] Undefined index:  timestamp D:\wwwroot\yb1987\wwwroot\weixin\weixin\Lib\Action\IndexAction.class.php 第 13 行.
NOTIC: [8] Undefined index:  nonce D:\wwwroot\yb1987\wwwroot\weixin\weixin\Lib\Action\IndexAction.class.php 第 14 行.
NOTIC: [8] Undefined index:  signature D:\wwwroot\yb1987\wwwroot\weixin\weixin\Lib\Action\IndexAction.class.php 第 16 行.
NOTIC: [8] Undefined index:  echostr D:\wwwroot\yb1987\wwwroot\weixin\weixin\Lib\Action\IndexAction.class.php 第 17 行.
NOTIC: [8] Undefined index:  HTTP_RAW_POST_DATA D:\wwwroot\yb1987\wwwroot\weixin\weixin\Lib\Action\IndexAction.class.php 第 37 行.
NOTIC: [8] Trying to get property of non-object D:\wwwroot\yb1987\wwwroot\weixin\weixin\Lib\Action\IndexAction.class.php 第 40 行.
NOTIC: [8] Trying to get property of non-object D:\wwwroot\yb1987\wwwroot\weixin\weixin\Lib\Action\IndexAction.class.php 第 43 行.
NOTIC: [8] Trying to get property of non-object D:\wwwroot\yb1987\wwwroot\weixin\weixin\Lib\Action\IndexAction.class.php 第 80 行.
NOTIC: [8] Trying to get property of non-object D:\wwwroot\yb1987\wwwroot\weixin\weixin\Lib\Action\IndexAction.class.php 第 84 行.

[ 2016-06-30T08:57:57+08:00 ] 101.226.68.217 /weixin/index.php
INFO: [ app_begin ] --START--
INFO: ReadHtmlCache Behavior ::run [ RunTime:0.003122s ]
INFO: [ app_begin ] --END-- [ RunTime:0.003386s ]
NOTIC: [8] Undefined index:  timestamp D:\wwwroot\yb1987\wwwroot\weixin\weixin\Lib\Action\IndexAction.class.php 第 13 行.
NOTIC: [8] Undefined index:  nonce D:\wwwroot\yb1987\wwwroot\weixin\weixin\Lib\Action\IndexAction.class.php 第 14 行.
NOTIC: [8] Undefined index:  signature D:\wwwroot\yb1987\wwwroot\weixin\weixin\Lib\Action\IndexAction.class.php 第 16 行.
NOTIC: [8] Undefined index:  echostr D:\wwwroot\yb1987\wwwroot\weixin\weixin\Lib\Action\IndexAction.class.php 第 17 行.
NOTIC: [8] Undefined index:  HTTP_RAW_POST_DATA D:\wwwroot\yb1987\wwwroot\weixin\weixin\Lib\Action\IndexAction.class.php 第 37 行.
NOTIC: [8] Trying to get property of non-object D:\wwwroot\yb1987\wwwroot\weixin\weixin\Lib\Action\IndexAction.class.php 第 40 行.
NOTIC: [8] Trying to get property of non-object D:\wwwroot\yb1987\wwwroot\weixin\weixin\Lib\Action\IndexAction.class.php 第 43 行.
NOTIC: [8] Trying to get property of non-object D:\wwwroot\yb1987\wwwroot\weixin\weixin\Lib\Action\IndexAction.class.php 第 80 行.
NOTIC: [8] Trying to get property of non-object D:\wwwroot\yb1987\wwwroot\weixin\weixin\Lib\Action\IndexAction.class.php 第 84 行.

[ 2016-06-30T15:11:45+08:00 ] 103.7.30.70 /weixin/index.php?signature=79422bcd79361d94efd038fe10b5c010bb4f3881&timestamp=1467270706&nonce=628092945&openid=oaQhfwJYJDSP5aijdSYQYKRnRXEE
INFO: [ app_begin ] --START--
INFO: ReadHtmlCache Behavior ::run [ RunTime:0.003605s ]
INFO: [ app_begin ] --END-- [ RunTime:0.003837s ]
NOTIC: [8] Undefined index:  echostr D:\wwwroot\yb1987\wwwroot\weixin\weixin\Lib\Action\IndexAction.class.php 第 17 行.

