[ 2016-07-22T16:28:04+08:00 ] 103.7.30.70 /weixin/index.php?signature=1646f20a9660fe3fd69863ba508f72b5144fc83b&timestamp=1469176086&nonce=135925950&openid=oaQhfwJYJDSP5aijdSYQYKRnRXEE
INFO: [ app_begin ] --START--
INFO: ReadHtmlCache Behavior ::run [ RunTime:0.022400s ]
INFO: [ app_begin ] --END-- [ RunTime:0.022708s ]
NOTIC: [8] Undefined index:  echostr D:\wwwroot\yb1987\wwwroot\weixin\weixin\Lib\Action\IndexAction.class.php 第 17 行.

[ 2016-07-22T16:28:05+08:00 ] 101.226.66.178 /weixin/index.php
INFO: [ app_begin ] --START--
INFO: ReadHtmlCache Behavior ::run [ RunTime:0.003720s ]
INFO: [ app_begin ] --END-- [ RunTime:0.004057s ]
NOTIC: [8] Undefined index:  timestamp D:\wwwroot\yb1987\wwwroot\weixin\weixin\Lib\Action\IndexAction.class.php 第 13 行.
NOTIC: [8] Undefined index:  nonce D:\wwwroot\yb1987\wwwroot\weixin\weixin\Lib\Action\IndexAction.class.php 第 14 行.
NOTIC: [8] Undefined index:  signature D:\wwwroot\yb1987\wwwroot\weixin\weixin\Lib\Action\IndexAction.class.php 第 16 行.
NOTIC: [8] Undefined index:  echostr D:\wwwroot\yb1987\wwwroot\weixin\weixin\Lib\Action\IndexAction.class.php 第 17 行.
NOTIC: [8] Undefined index:  HTTP_RAW_POST_DATA D:\wwwroot\yb1987\wwwroot\weixin\weixin\Lib\Action\IndexAction.class.php 第 37 行.
NOTIC: [8] Trying to get property of non-object D:\wwwroot\yb1987\wwwroot\weixin\weixin\Lib\Action\IndexAction.class.php 第 40 行.
NOTIC: [8] Trying to get property of non-object D:\wwwroot\yb1987\wwwroot\weixin\weixin\Lib\Action\IndexAction.class.php 第 43 行.
NOTIC: [8] Trying to get property of non-object D:\wwwroot\yb1987\wwwroot\weixin\weixin\Lib\Action\IndexAction.class.php 第 80 行.
NOTIC: [8] Trying to get property of non-object D:\wwwroot\yb1987\wwwroot\weixin\weixin\Lib\Action\IndexAction.class.php 第 84 行.

[ 2016-07-22T16:28:12+08:00 ] 180.153.206.35 /weixin/index.php
INFO: [ app_begin ] --START--
INFO: ReadHtmlCache Behavior ::run [ RunTime:0.003596s ]
INFO: [ app_begin ] --END-- [ RunTime:0.003824s ]
NOTIC: [8] Undefined index:  timestamp D:\wwwroot\yb1987\wwwroot\weixin\weixin\Lib\Action\IndexAction.class.php 第 13 行.
NOTIC: [8] Undefined index:  nonce D:\wwwroot\yb1987\wwwroot\weixin\weixin\Lib\Action\IndexAction.class.php 第 14 行.
NOTIC: [8] Undefined index:  signature D:\wwwroot\yb1987\wwwroot\weixin\weixin\Lib\Action\IndexAction.class.php 第 16 行.
NOTIC: [8] Undefined index:  echostr D:\wwwroot\yb1987\wwwroot\weixin\weixin\Lib\Action\IndexAction.class.php 第 17 行.
NOTIC: [8] Undefined index:  HTTP_RAW_POST_DATA D:\wwwroot\yb1987\wwwroot\weixin\weixin\Lib\Action\IndexAction.class.php 第 37 行.
NOTIC: [8] Trying to get property of non-object D:\wwwroot\yb1987\wwwroot\weixin\weixin\Lib\Action\IndexAction.class.php 第 40 行.
NOTIC: [8] Trying to get property of non-object D:\wwwroot\yb1987\wwwroot\weixin\weixin\Lib\Action\IndexAction.class.php 第 43 行.
NOTIC: [8] Trying to get property of non-object D:\wwwroot\yb1987\wwwroot\weixin\weixin\Lib\Action\IndexAction.class.php 第 80 行.
NOTIC: [8] Trying to get property of non-object D:\wwwroot\yb1987\wwwroot\weixin\weixin\Lib\Action\IndexAction.class.php 第 84 行.

[ 2016-07-22T18:40:25+08:00 ] 115.236.153.102 /weixin/index.php
INFO: [ app_begin ] --START--
INFO: ReadHtmlCache Behavior ::run [ RunTime:0.002019s ]
INFO: [ app_begin ] --END-- [ RunTime:0.002236s ]
NOTIC: [8] Undefined index:  timestamp D:\wwwroot\yb1987\wwwroot\weixin\weixin\Lib\Action\IndexAction.class.php 第 13 行.
NOTIC: [8] Undefined index:  nonce D:\wwwroot\yb1987\wwwroot\weixin\weixin\Lib\Action\IndexAction.class.php 第 14 行.
NOTIC: [8] Undefined index:  signature D:\wwwroot\yb1987\wwwroot\weixin\weixin\Lib\Action\IndexAction.class.php 第 16 行.
NOTIC: [8] Undefined index:  echostr D:\wwwroot\yb1987\wwwroot\weixin\weixin\Lib\Action\IndexAction.class.php 第 17 行.
NOTIC: [8] Undefined index:  HTTP_RAW_POST_DATA D:\wwwroot\yb1987\wwwroot\weixin\weixin\Lib\Action\IndexAction.class.php 第 37 行.
NOTIC: [8] Trying to get property of non-object D:\wwwroot\yb1987\wwwroot\weixin\weixin\Lib\Action\IndexAction.class.php 第 40 行.
NOTIC: [8] Trying to get property of non-object D:\wwwroot\yb1987\wwwroot\weixin\weixin\Lib\Action\IndexAction.class.php 第 43 行.
NOTIC: [8] Trying to get property of non-object D:\wwwroot\yb1987\wwwroot\weixin\weixin\Lib\Action\IndexAction.class.php 第 80 行.
NOTIC: [8] Trying to get property of non-object D:\wwwroot\yb1987\wwwroot\weixin\weixin\Lib\Action\IndexAction.class.php 第 84 行.

