[ 2016-10-09T09:45:36+08:00 ] 103.7.30.70 /weixin/index.php?signature=acef4f9780373c4cc2958ce7329759231d0a31c3&timestamp=1475977540&nonce=1190531813&openid=oaQhfwJYJDSP5aijdSYQYKRnRXEE
INFO: [ app_begin ] --START--
INFO: ReadHtmlCache Behavior ::run [ RunTime:0.020933s ]
INFO: [ app_begin ] --END-- [ RunTime:0.021250s ]
NOTIC: [8] Undefined index:  echostr D:\wwwroot\yb1987\wwwroot\weixin\weixin\Lib\Action\IndexAction.class.php 第 17 行.

[ 2016-10-09T09:45:39+08:00 ] 103.7.30.70 /weixin/index.php?signature=640cb5c161446a05fb4346fa569936d7dd53a562&timestamp=1475977543&nonce=1590013127&openid=oaQhfwJYJDSP5aijdSYQYKRnRXEE
INFO: [ app_begin ] --START--
INFO: ReadHtmlCache Behavior ::run [ RunTime:0.002032s ]
INFO: [ app_begin ] --END-- [ RunTime:0.002243s ]
NOTIC: [8] Undefined index:  echostr D:\wwwroot\yb1987\wwwroot\weixin\weixin\Lib\Action\IndexAction.class.php 第 17 行.

[ 2016-10-09T09:45:45+08:00 ] 14.17.37.161 /weixin/index.php/Index/getBaseInfo?nsukey=3OBD60Q04f4al5NxvPFuPO%2Brj10wStU%2BsiHyY0t9XXnsOlcjQdL7IrinesvpMRchBBjfI%2Fji8sEQZ1p7w7TIbg%3D%3D
INFO: [ route_check ] --START--
INFO: CheckRoute Behavior ::run [ RunTime:0.130052s ]
INFO: [ route_check ] --END-- [ RunTime:0.130300s ]
INFO: [ app_begin ] --START--
INFO: ReadHtmlCache Behavior ::run [ RunTime:0.001444s ]
INFO: [ app_begin ] --END-- [ RunTime:0.001708s ]

[ 2016-10-09T09:45:46+08:00 ] 14.17.37.69 /weixin/index.php/Index/getBaseInfo?nsukey=3OBD60Q04f4al5NxvPFuPO%2Brj10wStU%2BsiHyY0t9XXnsOlcjQdL7IrinesvpMRchBBjfI%2Fji8sEQZ1p7w7TIbg%3D%3D
INFO: [ route_check ] --START--
INFO: CheckRoute Behavior ::run [ RunTime:0.002679s ]
INFO: [ route_check ] --END-- [ RunTime:0.002892s ]
INFO: [ app_begin ] --START--
INFO: ReadHtmlCache Behavior ::run [ RunTime:0.001974s ]
INFO: [ app_begin ] --END-- [ RunTime:0.002145s ]

[ 2016-10-09T09:45:47+08:00 ] 183.230.175.37 /weixin/index.php/Index/getBaseInfo?nsukey=3OBD60Q04f4al5NxvPFuPO%2Brj10wStU%2BsiHyY0t9XXnsOlcjQdL7IrinesvpMRchBBjfI%2Fji8sEQZ1p7w7TIbg%3D%3D
INFO: [ route_check ] --START--
INFO: CheckRoute Behavior ::run [ RunTime:0.002986s ]
INFO: [ route_check ] --END-- [ RunTime:0.003196s ]
INFO: [ app_begin ] --START--
INFO: ReadHtmlCache Behavior ::run [ RunTime:0.002020s ]
INFO: [ app_begin ] --END-- [ RunTime:0.002193s ]

[ 2016-10-09T09:45:58+08:00 ] 103.7.30.70 /weixin/index.php?signature=b05978d6a7d20584f69263a543b52b3aecc58891&timestamp=1475977562&nonce=1917653781&openid=oaQhfwJYJDSP5aijdSYQYKRnRXEE
INFO: [ app_begin ] --START--
INFO: ReadHtmlCache Behavior ::run [ RunTime:0.004465s ]
INFO: [ app_begin ] --END-- [ RunTime:0.004771s ]
NOTIC: [8] Undefined index:  echostr D:\wwwroot\yb1987\wwwroot\weixin\weixin\Lib\Action\IndexAction.class.php 第 17 行.

[ 2016-10-09T09:48:43+08:00 ] 101.226.33.201 /weixin/index.php
INFO: [ app_begin ] --START--
INFO: ReadHtmlCache Behavior ::run [ RunTime:0.002973s ]
INFO: [ app_begin ] --END-- [ RunTime:0.003186s ]
NOTIC: [8] Undefined index:  timestamp D:\wwwroot\yb1987\wwwroot\weixin\weixin\Lib\Action\IndexAction.class.php 第 13 行.
NOTIC: [8] Undefined index:  nonce D:\wwwroot\yb1987\wwwroot\weixin\weixin\Lib\Action\IndexAction.class.php 第 14 行.
NOTIC: [8] Undefined index:  signature D:\wwwroot\yb1987\wwwroot\weixin\weixin\Lib\Action\IndexAction.class.php 第 16 行.
NOTIC: [8] Undefined index:  echostr D:\wwwroot\yb1987\wwwroot\weixin\weixin\Lib\Action\IndexAction.class.php 第 17 行.
NOTIC: [8] Undefined index:  HTTP_RAW_POST_DATA D:\wwwroot\yb1987\wwwroot\weixin\weixin\Lib\Action\IndexAction.class.php 第 37 行.
NOTIC: [8] Trying to get property of non-object D:\wwwroot\yb1987\wwwroot\weixin\weixin\Lib\Action\IndexAction.class.php 第 40 行.
NOTIC: [8] Trying to get property of non-object D:\wwwroot\yb1987\wwwroot\weixin\weixin\Lib\Action\IndexAction.class.php 第 43 行.
NOTIC: [8] Trying to get property of non-object D:\wwwroot\yb1987\wwwroot\weixin\weixin\Lib\Action\IndexAction.class.php 第 80 行.
NOTIC: [8] Trying to get property of non-object D:\wwwroot\yb1987\wwwroot\weixin\weixin\Lib\Action\IndexAction.class.php 第 84 行.

[ 2016-10-09T09:48:59+08:00 ] 101.226.33.219 /weixin/index.php/Index/getBaseInfo
INFO: [ route_check ] --START--
INFO: CheckRoute Behavior ::run [ RunTime:0.003262s ]
INFO: [ route_check ] --END-- [ RunTime:0.003681s ]
INFO: [ app_begin ] --START--
INFO: ReadHtmlCache Behavior ::run [ RunTime:0.002491s ]
INFO: [ app_begin ] --END-- [ RunTime:0.002744s ]

[ 2016-10-09T09:49:02+08:00 ] 101.226.66.192 /weixin/index.php/Index/getBaseInfo?nsukey=3OBD60Q04f4al5NxvPFuPO%2Brj10wStU%2BsiHyY0t9XXnsOlcjQdL7IrinesvpMRchBBjfI%2Fji8sEQZ1p7w7TIbg%3D%3D
INFO: [ route_check ] --START--
INFO: CheckRoute Behavior ::run [ RunTime:0.002273s ]
INFO: [ route_check ] --END-- [ RunTime:0.002548s ]
INFO: [ app_begin ] --START--
INFO: ReadHtmlCache Behavior ::run [ RunTime:0.001495s ]
INFO: [ app_begin ] --END-- [ RunTime:0.001724s ]

[ 2016-10-09T09:49:03+08:00 ] 101.226.61.206 /weixin/index.php
INFO: [ app_begin ] --START--
INFO: ReadHtmlCache Behavior ::run [ RunTime:0.003365s ]
INFO: [ app_begin ] --END-- [ RunTime:0.003633s ]
NOTIC: [8] Undefined index:  timestamp D:\wwwroot\yb1987\wwwroot\weixin\weixin\Lib\Action\IndexAction.class.php 第 13 行.
NOTIC: [8] Undefined index:  nonce D:\wwwroot\yb1987\wwwroot\weixin\weixin\Lib\Action\IndexAction.class.php 第 14 行.
NOTIC: [8] Undefined index:  signature D:\wwwroot\yb1987\wwwroot\weixin\weixin\Lib\Action\IndexAction.class.php 第 16 行.
NOTIC: [8] Undefined index:  echostr D:\wwwroot\yb1987\wwwroot\weixin\weixin\Lib\Action\IndexAction.class.php 第 17 行.
NOTIC: [8] Undefined index:  HTTP_RAW_POST_DATA D:\wwwroot\yb1987\wwwroot\weixin\weixin\Lib\Action\IndexAction.class.php 第 37 行.
NOTIC: [8] Trying to get property of non-object D:\wwwroot\yb1987\wwwroot\weixin\weixin\Lib\Action\IndexAction.class.php 第 40 行.
NOTIC: [8] Trying to get property of non-object D:\wwwroot\yb1987\wwwroot\weixin\weixin\Lib\Action\IndexAction.class.php 第 43 行.
NOTIC: [8] Trying to get property of non-object D:\wwwroot\yb1987\wwwroot\weixin\weixin\Lib\Action\IndexAction.class.php 第 80 行.
NOTIC: [8] Trying to get property of non-object D:\wwwroot\yb1987\wwwroot\weixin\weixin\Lib\Action\IndexAction.class.php 第 84 行.

[ 2016-10-09T09:49:04+08:00 ] 101.226.99.196 /weixin/index.php/Index/getBaseInfo?nsukey=3OBD60Q04f4al5NxvPFuPO%2Brj10wStU%2BsiHyY0t9XXnsOlcjQdL7IrinesvpMRchBBjfI%2Fji8sEQZ1p7w7TIbg%3D%3D
INFO: [ route_check ] --START--
INFO: CheckRoute Behavior ::run [ RunTime:0.003679s ]
INFO: [ route_check ] --END-- [ RunTime:0.004011s ]
INFO: [ app_begin ] --START--
INFO: ReadHtmlCache Behavior ::run [ RunTime:0.002559s ]
INFO: [ app_begin ] --END-- [ RunTime:0.002837s ]

